{"C:\\Users\\BANREDDY\\sample-order-page\\src\\app\\app.component.html": {"path":"C:\\Users\\BANREDDY\\sample-order-page\\src\\app\\app.component.html","statementMap":{"0":{"start":{"line":1,"column":0},"end":{"line":1,"column":291}}},"fnMap":{},"branchMap":{},"s":{"0":1},"f":{},"b":{},"_coverageSchema":"1a1c01bbd47fc00a2c39e90264f33305004495a9","hash":"10f1cdfbe96d4673b92bfd7fc8a3716114ee0f50"}
,"C:\\Users\\BANREDDY\\sample-order-page\\src\\app\\app.component.ts": {"path":"C:\\Users\\BANREDDY\\sample-order-page\\src\\app\\app.component.ts","statementMap":{"0":{"start":{"line":1,"column":0},"end":{"line":1,"column":42}},"1":{"start":{"line":8,"column":25},"end":{"line":10,"column":null}},"2":{"start":{"line":9,"column":2},"end":{"line":9,"column":30}},"3":{"start":{"line":8,"column":13},"end":{"line":10,"column":null}}},"fnMap":{"0":{"name":"(anonymous_0)","decl":{"start":{"line":8,"column":7},"end":{"line":8,"column":13}},"loc":{"start":{"line":8,"column":7},"end":{"line":10,"column":1}}}},"branchMap":{},"s":{"0":1,"1":1,"2":2,"3":1},"f":{"0":2},"b":{}}
,"C:\\Users\\BANREDDY\\sample-order-page\\src\\app\\home-delivery-details\\home-delivery-details.component.html": {"path":"C:\\Users\\BANREDDY\\sample-order-page\\src\\app\\home-delivery-details\\home-delivery-details.component.html","statementMap":{"0":{"start":{"line":1,"column":0},"end":{"line":1,"column":2101}}},"fnMap":{},"branchMap":{},"s":{"0":2},"f":{},"b":{},"_coverageSchema":"1a1c01bbd47fc00a2c39e90264f33305004495a9","hash":"4164f290556fc704cdef0b260b7ade492457816b"}
,"C:\\Users\\BANREDDY\\sample-order-page\\src\\app\\home-delivery-details\\home-delivery-details.component.ts": {"path":"C:\\Users\\BANREDDY\\sample-order-page\\src\\app\\home-delivery-details\\home-delivery-details.component.ts","statementMap":{"0":{"start":{"line":1,"column":0},"end":{"line":1,"column":42}},"1":{"start":{"line":8,"column":41},"end":{"line":10,"column":null}},"2":{"start":{"line":8,"column":13},"end":{"line":10,"column":null}}},"fnMap":{},"branchMap":{},"s":{"0":2,"1":2,"2":2},"f":{},"b":{}}
,"C:\\Users\\BANREDDY\\sample-order-page\\src\\app\\order-details\\order-details.component.html": {"path":"C:\\Users\\BANREDDY\\sample-order-page\\src\\app\\order-details\\order-details.component.html","statementMap":{"0":{"start":{"line":1,"column":0},"end":{"line":1,"column":950}}},"fnMap":{},"branchMap":{},"s":{"0":2},"f":{},"b":{},"_coverageSchema":"1a1c01bbd47fc00a2c39e90264f33305004495a9","hash":"c8ac33a9b1d90c5b9b6bffa2f9bd1706b5d05db6"}
,"C:\\Users\\BANREDDY\\sample-order-page\\src\\app\\order-details\\order-details.component.ts": {"path":"C:\\Users\\BANREDDY\\sample-order-page\\src\\app\\order-details\\order-details.component.ts","statementMap":{"0":{"start":{"line":1,"column":0},"end":{"line":1,"column":49}},"1":{"start":{"line":2,"column":0},"end":{"line":2,"column":66}},"2":{"start":{"line":13,"column":22},"end":{"line":13,"column":46}},"3":{"start":{"line":11,"column":2},"end":{"line":11,"column":28}},"4":{"start":{"line":16,"column":4},"end":{"line":21,"column":7}},"5":{"start":{"line":24,"column":4},"end":{"line":24,"column":35}},"6":{"start":{"line":9,"column":13},"end":{"line":27,"column":null}}},"fnMap":{"0":{"name":"(anonymous_0)","decl":{"start":{"line":13,"column":2},"end":{"line":13,"column":22}},"loc":{"start":{"line":13,"column":46},"end":{"line":13,"column":50}}},"1":{"name":"(anonymous_1)","decl":{"start":{"line":15,"column":2},"end":{"line":15,"column":10}},"loc":{"start":{"line":15,"column":10},"end":{"line":22,"column":3}}},"2":{"name":"(anonymous_2)","decl":{"start":{"line":23,"column":2},"end":{"line":23,"column":12}},"loc":{"start":{"line":23,"column":12},"end":{"line":25,"column":3}}}},"branchMap":{},"s":{"0":2,"1":2,"2":4,"3":4,"4":2,"5":1,"6":2},"f":{"0":4,"1":2,"2":1},"b":{}}
,"C:\\Users\\BANREDDY\\sample-order-page\\src\\app\\order-summary\\order-summary.component.html": {"path":"C:\\Users\\BANREDDY\\sample-order-page\\src\\app\\order-summary\\order-summary.component.html","statementMap":{"0":{"start":{"line":1,"column":0},"end":{"line":1,"column":860}}},"fnMap":{},"branchMap":{},"s":{"0":2},"f":{},"b":{},"_coverageSchema":"1a1c01bbd47fc00a2c39e90264f33305004495a9","hash":"b09bcd5b04eda9d93e0ffd14a12b05f720130dfd"}
,"C:\\Users\\BANREDDY\\sample-order-page\\src\\app\\order-summary\\order-summary.component.ts": {"path":"C:\\Users\\BANREDDY\\sample-order-page\\src\\app\\order-summary\\order-summary.component.ts","statementMap":{"0":{"start":{"line":1,"column":0},"end":{"line":1,"column":42}},"1":{"start":{"line":8,"column":34},"end":{"line":10,"column":null}},"2":{"start":{"line":8,"column":13},"end":{"line":10,"column":null}}},"fnMap":{},"branchMap":{},"s":{"0":2,"1":2,"2":2},"f":{},"b":{}}
}
